2025-03-26 15:18:55 - INFO - COM Ports updated
2025-03-26 15:18:59 - INFO - COM Ports updated
2025-03-26 15:19:00 - INFO - COM Ports updated
2025-03-26 15:19:02 - INFO - COM Ports updated
2025-03-26 15:19:07 - INFO - Starting data acquisition...
2025-03-26 15:19:07 - INFO - Connected to /dev/cu.usbserial-58AA0533691 at 115200 baud
2025-03-26 15:19:09 - ERROR - DEVICE READ ERROR: [Errno 6] Device not configured
2025-03-26 15:19:10 - INFO - COM Ports updated
2025-03-26 15:19:11 - ERROR - Error opening port /dev/cu.usbserial-58AA0533691: [Errno 2] could not open port /dev/cu.usbserial-58AA0533691: [Errno 2] No such file or directory: '/dev/cu.usbserial-58AA0533691'
2025-03-26 15:19:11 - ERROR - Error opening port /dev/cu.usbserial-58AA0533691: [Errno 2] could not open port /dev/cu.usbserial-58AA0533691: [Errno 2] No such file or directory: '/dev/cu.usbserial-58AA0533691'
2025-03-26 15:19:11 - ERROR - Error opening port /dev/cu.usbserial-58AA0533691: [Errno 2] could not open port /dev/cu.usbserial-58AA0533691: [Errno 2] No such file or directory: '/dev/cu.usbserial-58AA0533691'
2025-03-26 15:19:11 - ERROR - Error opening port /dev/cu.usbserial-58AA0533691: [Errno 2] could not open port /dev/cu.usbserial-58AA0533691: [Errno 2] No such file or directory: '/dev/cu.usbserial-58AA0533691'
2025-03-26 15:19:11 - ERROR - Error opening port /dev/cu.usbserial-58AA0533691: [Errno 2] could not open port /dev/cu.usbserial-58AA0533691: [Errno 2] No such file or directory: '/dev/cu.usbserial-58AA0533691'
2025-03-26 15:19:11 - ERROR - Error opening port /dev/cu.usbserial-58AA0533691: [Errno 2] could not open port /dev/cu.usbserial-58AA0533691: [Errno 2] No such file or directory: '/dev/cu.usbserial-58AA0533691'
2025-03-26 15:19:11 - ERROR - Error opening port /dev/cu.usbserial-58AA0533691: [Errno 2] could not open port /dev/cu.usbserial-58AA0533691: [Errno 2] No such file or directory: '/dev/cu.usbserial-58AA0533691'
2025-03-26 15:19:11 - ERROR - Error opening port /dev/cu.usbserial-58AA0533691: [Errno 2] could not open port /dev/cu.usbserial-58AA0533691: [Errno 2] No such file or directory: '/dev/cu.usbserial-58AA0533691'
2025-03-26 15:19:11 - ERROR - Error opening port /dev/cu.usbserial-58AA0533691: [Errno 2] could not open port /dev/cu.usbserial-58AA0533691: [Errno 2] No such file or directory: '/dev/cu.usbserial-58AA0533691'
2025-03-26 15:19:11 - ERROR - Error opening port /dev/cu.usbserial-58AA0533691: [Errno 2] could not open port /dev/cu.usbserial-58AA0533691: [Errno 2] No such file or directory: '/dev/cu.usbserial-58AA0533691'
2025-03-26 15:19:11 - ERROR - Error opening port /dev/cu.usbserial-58AA0533691: [Errno 2] could not open port /dev/cu.usbserial-58AA0533691: [Errno 2] No such file or directory: '/dev/cu.usbserial-58AA0533691'
2025-03-26 15:19:11 - ERROR - Error opening port /dev/cu.usbserial-58AA0533691: [Errno 2] could not open port /dev/cu.usbserial-58AA0533691: [Errno 2] No such file or directory: '/dev/cu.usbserial-58AA0533691'
2025-03-26 15:19:11 - ERROR - Error opening port /dev/cu.usbserial-58AA0533691: [Errno 2] could not open port /dev/cu.usbserial-58AA0533691: [Errno 2] No such file or directory: '/dev/cu.usbserial-58AA0533691'
2025-03-26 15:19:11 - ERROR - Error opening port /dev/cu.usbserial-58AA0533691: [Errno 2] could not open port /dev/cu.usbserial-58AA0533691: [Errno 2] No such file or directory: '/dev/cu.usbserial-58AA0533691'
2025-03-26 15:19:11 - ERROR - Error opening port /dev/cu.usbserial-58AA0533691: [Errno 2] could not open port /dev/cu.usbserial-58AA0533691: [Errno 2] No such file or directory: '/dev/cu.usbserial-58AA0533691'
2025-03-26 15:19:11 - ERROR - Error opening port /dev/cu.usbserial-58AA0533691: [Errno 2] could not open port /dev/cu.usbserial-58AA0533691: [Errno 2] No such file or directory: '/dev/cu.usbserial-58AA0533691'
2025-03-26 15:19:11 - ERROR - Error opening port /dev/cu.usbserial-58AA0533691: [Errno 2] could not open port /dev/cu.usbserial-58AA0533691: [Errno 2] No such file or directory: '/dev/cu.usbserial-58AA0533691'
2025-03-26 15:19:11 - ERROR - Error opening port /dev/cu.usbserial-58AA0533691: [Errno 2] could not open port /dev/cu.usbserial-58AA0533691: [Errno 2] No such file or directory: '/dev/cu.usbserial-58AA0533691'
2025-03-26 15:19:11 - ERROR - Error opening port /dev/cu.usbserial-58AA0533691: [Errno 2] could not open port /dev/cu.usbserial-58AA0533691: [Errno 2] No such file or directory: '/dev/cu.usbserial-58AA0533691'
2025-03-26 15:19:11 - ERROR - Error opening port /dev/cu.usbserial-58AA0533691: [Errno 2] could not open port /dev/cu.usbserial-58AA0533691: [Errno 2] No such file or directory: '/dev/cu.usbserial-58AA0533691'
2025-03-26 15:19:11 - ERROR - Error opening port /dev/cu.usbserial-58AA0533691: [Errno 2] could not open port /dev/cu.usbserial-58AA0533691: [Errno 2] No such file or directory: '/dev/cu.usbserial-58AA0533691'
2025-03-26 15:19:11 - ERROR - Error opening port /dev/cu.usbserial-58AA0533691: [Errno 2] could not open port /dev/cu.usbserial-58AA0533691: [Errno 2] No such file or directory: '/dev/cu.usbserial-58AA0533691'
2025-03-26 15:19:11 - ERROR - Error opening port /dev/cu.usbserial-58AA0533691: [Errno 2] could not open port /dev/cu.usbserial-58AA0533691: [Errno 2] No such file or directory: '/dev/cu.usbserial-58AA0533691'
2025-03-26 15:19:11 - ERROR - Error opening port /dev/cu.usbserial-58AA0533691: [Errno 2] could not open port /dev/cu.usbserial-58AA0533691: [Errno 2] No such file or directory: '/dev/cu.usbserial-58AA0533691'
2025-03-26 15:19:11 - ERROR - Error opening port /dev/cu.usbserial-58AA0533691: [Errno 2] could not open port /dev/cu.usbserial-58AA0533691: [Errno 2] No such file or directory: '/dev/cu.usbserial-58AA0533691'
2025-03-26 15:19:11 - ERROR - Error opening port /dev/cu.usbserial-58AA0533691: [Errno 2] could not open port /dev/cu.usbserial-58AA0533691: [Errno 2] No such file or directory: '/dev/cu.usbserial-58AA0533691'
2025-03-26 15:19:11 - ERROR - Error opening port /dev/cu.usbserial-58AA0533691: [Errno 2] could not open port /dev/cu.usbserial-58AA0533691: [Errno 2] No such file or directory: '/dev/cu.usbserial-58AA0533691'
2025-03-26 15:19:11 - ERROR - Error opening port /dev/cu.usbserial-58AA0533691: [Errno 2] could not open port /dev/cu.usbserial-58AA0533691: [Errno 2] No such file or directory: '/dev/cu.usbserial-58AA0533691'
2025-03-26 15:19:11 - ERROR - Error opening port /dev/cu.usbserial-58AA0533691: [Errno 2] could not open port /dev/cu.usbserial-58AA0533691: [Errno 2] No such file or directory: '/dev/cu.usbserial-58AA0533691'
2025-03-26 15:19:11 - ERROR - Error opening port /dev/cu.usbserial-58AA0533691: [Errno 2] could not open port /dev/cu.usbserial-58AA0533691: [Errno 2] No such file or directory: '/dev/cu.usbserial-58AA0533691'
2025-03-26 15:19:11 - ERROR - Error opening port /dev/cu.usbserial-58AA0533691: [Errno 2] could not open port /dev/cu.usbserial-58AA0533691: [Errno 2] No such file or directory: '/dev/cu.usbserial-58AA0533691'
2025-03-26 15:19:11 - ERROR - Error opening port /dev/cu.usbserial-58AA0533691: [Errno 2] could not open port /dev/cu.usbserial-58AA0533691: [Errno 2] No such file or directory: '/dev/cu.usbserial-58AA0533691'
2025-03-26 15:19:11 - ERROR - Error opening port /dev/cu.usbserial-58AA0533691: [Errno 2] could not open port /dev/cu.usbserial-58AA0533691: [Errno 2] No such file or directory: '/dev/cu.usbserial-58AA0533691'
2025-03-26 15:19:11 - ERROR - Error opening port /dev/cu.usbserial-58AA0533691: [Errno 2] could not open port /dev/cu.usbserial-58AA0533691: [Errno 2] No such file or directory: '/dev/cu.usbserial-58AA0533691'
2025-03-26 15:19:11 - ERROR - Error opening port /dev/cu.usbserial-58AA0533691: [Errno 2] could not open port /dev/cu.usbserial-58AA0533691: [Errno 2] No such file or directory: '/dev/cu.usbserial-58AA0533691'
2025-03-26 15:19:11 - ERROR - Error opening port /dev/cu.usbserial-58AA0533691: [Errno 2] could not open port /dev/cu.usbserial-58AA0533691: [Errno 2] No such file or directory: '/dev/cu.usbserial-58AA0533691'
2025-03-26 15:19:11 - ERROR - Error opening port /dev/cu.usbserial-58AA0533691: [Errno 2] could not open port /dev/cu.usbserial-58AA0533691: [Errno 2] No such file or directory: '/dev/cu.usbserial-58AA0533691'
2025-03-26 15:19:11 - ERROR - Error opening port /dev/cu.usbserial-58AA0533691: [Errno 2] could not open port /dev/cu.usbserial-58AA0533691: [Errno 2] No such file or directory: '/dev/cu.usbserial-58AA0533691'
2025-03-26 15:19:11 - ERROR - Error opening port /dev/cu.usbserial-58AA0533691: [Errno 2] could not open port /dev/cu.usbserial-58AA0533691: [Errno 2] No such file or directory: '/dev/cu.usbserial-58AA0533691'
2025-03-26 15:19:11 - ERROR - Error opening port /dev/cu.usbserial-58AA0533691: [Errno 2] could not open port /dev/cu.usbserial-58AA0533691: [Errno 2] No such file or directory: '/dev/cu.usbserial-58AA0533691'
2025-03-26 15:19:11 - ERROR - Error opening port /dev/cu.usbserial-58AA0533691: [Errno 2] could not open port /dev/cu.usbserial-58AA0533691: [Errno 2] No such file or directory: '/dev/cu.usbserial-58AA0533691'
2025-03-26 15:19:11 - ERROR - Error opening port /dev/cu.usbserial-58AA0533691: [Errno 2] could not open port /dev/cu.usbserial-58AA0533691: [Errno 2] No such file or directory: '/dev/cu.usbserial-58AA0533691'
2025-03-26 15:19:11 - ERROR - Error opening port /dev/cu.usbserial-58AA0533691: [Errno 2] could not open port /dev/cu.usbserial-58AA0533691: [Errno 2] No such file or directory: '/dev/cu.usbserial-58AA0533691'
2025-03-26 15:19:11 - ERROR - Error opening port /dev/cu.usbserial-58AA0533691: [Errno 2] could not open port /dev/cu.usbserial-58AA0533691: [Errno 2] No such file or directory: '/dev/cu.usbserial-58AA0533691'
2025-03-26 15:19:11 - ERROR - Error opening port /dev/cu.usbserial-58AA0533691: [Errno 2] could not open port /dev/cu.usbserial-58AA0533691: [Errno 2] No such file or directory: '/dev/cu.usbserial-58AA0533691'
2025-03-26 15:19:11 - ERROR - Error opening port /dev/cu.usbserial-58AA0533691: [Errno 2] could not open port /dev/cu.usbserial-58AA0533691: [Errno 2] No such file or directory: '/dev/cu.usbserial-58AA0533691'
2025-03-26 15:19:11 - ERROR - Error opening port /dev/cu.usbserial-58AA0533691: [Errno 2] could not open port /dev/cu.usbserial-58AA0533691: [Errno 2] No such file or directory: '/dev/cu.usbserial-58AA0533691'
2025-03-26 15:19:11 - ERROR - Error opening port /dev/cu.usbserial-58AA0533691: [Errno 2] could not open port /dev/cu.usbserial-58AA0533691: [Errno 2] No such file or directory: '/dev/cu.usbserial-58AA0533691'
2025-03-26 15:19:11 - ERROR - Error opening port /dev/cu.usbserial-58AA0533691: [Errno 2] could not open port /dev/cu.usbserial-58AA0533691: [Errno 2] No such file or directory: '/dev/cu.usbserial-58AA0533691'
2025-03-26 15:19:11 - ERROR - Error opening port /dev/cu.usbserial-58AA0533691: [Errno 2] could not open port /dev/cu.usbserial-58AA0533691: [Errno 2] No such file or directory: '/dev/cu.usbserial-58AA0533691'
2025-03-26 15:19:11 - ERROR - Error opening port /dev/cu.usbserial-58AA0533691: [Errno 2] could not open port /dev/cu.usbserial-58AA0533691: [Errno 2] No such file or directory: '/dev/cu.usbserial-58AA0533691'
2025-03-26 15:19:11 - ERROR - Error opening port /dev/cu.usbserial-58AA0533691: [Errno 2] could not open port /dev/cu.usbserial-58AA0533691: [Errno 2] No such file or directory: '/dev/cu.usbserial-58AA0533691'
2025-03-26 15:19:11 - ERROR - Error opening port /dev/cu.usbserial-58AA0533691: [Errno 2] could not open port /dev/cu.usbserial-58AA0533691: [Errno 2] No such file or directory: '/dev/cu.usbserial-58AA0533691'
2025-03-26 15:19:11 - ERROR - Error opening port /dev/cu.usbserial-58AA0533691: [Errno 2] could not open port /dev/cu.usbserial-58AA0533691: [Errno 2] No such file or directory: '/dev/cu.usbserial-58AA0533691'
2025-03-26 15:19:11 - ERROR - Error opening port /dev/cu.usbserial-58AA0533691: [Errno 2] could not open port /dev/cu.usbserial-58AA0533691: [Errno 2] No such file or directory: '/dev/cu.usbserial-58AA0533691'
2025-03-26 15:19:11 - ERROR - Error opening port /dev/cu.usbserial-58AA0533691: [Errno 2] could not open port /dev/cu.usbserial-58AA0533691: [Errno 2] No such file or directory: '/dev/cu.usbserial-58AA0533691'
2025-03-26 15:19:11 - ERROR - Error opening port /dev/cu.usbserial-58AA0533691: [Errno 2] could not open port /dev/cu.usbserial-58AA0533691: [Errno 2] No such file or directory: '/dev/cu.usbserial-58AA0533691'
2025-03-26 15:19:11 - ERROR - Error opening port /dev/cu.usbserial-58AA0533691: [Errno 2] could not open port /dev/cu.usbserial-58AA0533691: [Errno 2] No such file or directory: '/dev/cu.usbserial-58AA0533691'
2025-03-26 15:19:11 - ERROR - Error opening port /dev/cu.usbserial-58AA0533691: [Errno 2] could not open port /dev/cu.usbserial-58AA0533691: [Errno 2] No such file or directory: '/dev/cu.usbserial-58AA0533691'
2025-03-26 15:19:11 - ERROR - Error opening port /dev/cu.usbserial-58AA0533691: [Errno 2] could not open port /dev/cu.usbserial-58AA0533691: [Errno 2] No such file or directory: '/dev/cu.usbserial-58AA0533691'
2025-03-26 15:19:11 - ERROR - Error opening port /dev/cu.usbserial-58AA0533691: [Errno 2] could not open port /dev/cu.usbserial-58AA0533691: [Errno 2] No such file or directory: '/dev/cu.usbserial-58AA0533691'
2025-03-26 15:19:11 - ERROR - Error opening port /dev/cu.usbserial-58AA0533691: [Errno 2] could not open port /dev/cu.usbserial-58AA0533691: [Errno 2] No such file or directory: '/dev/cu.usbserial-58AA0533691'
2025-03-26 15:19:11 - ERROR - Error opening port /dev/cu.usbserial-58AA0533691: [Errno 2] could not open port /dev/cu.usbserial-58AA0533691: [Errno 2] No such file or directory: '/dev/cu.usbserial-58AA0533691'
2025-03-26 15:19:11 - ERROR - Error opening port /dev/cu.usbserial-58AA0533691: [Errno 2] could not open port /dev/cu.usbserial-58AA0533691: [Errno 2] No such file or directory: '/dev/cu.usbserial-58AA0533691'
2025-03-26 15:19:11 - ERROR - Error opening port /dev/cu.usbserial-58AA0533691: [Errno 2] could not open port /dev/cu.usbserial-58AA0533691: [Errno 2] No such file or directory: '/dev/cu.usbserial-58AA0533691'
2025-03-26 15:19:11 - ERROR - Error opening port /dev/cu.usbserial-58AA0533691: [Errno 2] could not open port /dev/cu.usbserial-58AA0533691: [Errno 2] No such file or directory: '/dev/cu.usbserial-58AA0533691'
2025-03-26 15:19:11 - ERROR - Error opening port /dev/cu.usbserial-58AA0533691: [Errno 2] could not open port /dev/cu.usbserial-58AA0533691: [Errno 2] No such file or directory: '/dev/cu.usbserial-58AA0533691'
2025-03-26 15:19:11 - ERROR - Error opening port /dev/cu.usbserial-58AA0533691: [Errno 2] could not open port /dev/cu.usbserial-58AA0533691: [Errno 2] No such file or directory: '/dev/cu.usbserial-58AA0533691'
2025-03-26 15:19:11 - ERROR - Error opening port /dev/cu.usbserial-58AA0533691: [Errno 2] could not open port /dev/cu.usbserial-58AA0533691: [Errno 2] No such file or directory: '/dev/cu.usbserial-58AA0533691'
2025-03-26 15:19:11 - ERROR - Error opening port /dev/cu.usbserial-58AA0533691: [Errno 2] could not open port /dev/cu.usbserial-58AA0533691: [Errno 2] No such file or directory: '/dev/cu.usbserial-58AA0533691'
2025-03-26 15:19:11 - ERROR - Error opening port /dev/cu.usbserial-58AA0533691: [Errno 2] could not open port /dev/cu.usbserial-58AA0533691: [Errno 2] No such file or directory: '/dev/cu.usbserial-58AA0533691'
2025-03-26 15:19:11 - ERROR - Error opening port /dev/cu.usbserial-58AA0533691: [Errno 2] could not open port /dev/cu.usbserial-58AA0533691: [Errno 2] No such file or directory: '/dev/cu.usbserial-58AA0533691'
2025-03-26 15:19:12 - ERROR - Error opening port /dev/cu.usbserial-58AA0533691: [Errno 2] could not open port /dev/cu.usbserial-58AA0533691: [Errno 2] No such file or directory: '/dev/cu.usbserial-58AA0533691'
2025-03-26 15:19:12 - ERROR - Error opening port /dev/cu.usbserial-58AA0533691: [Errno 2] could not open port /dev/cu.usbserial-58AA0533691: [Errno 2] No such file or directory: '/dev/cu.usbserial-58AA0533691'
2025-03-26 15:19:12 - ERROR - Error opening port /dev/cu.usbserial-58AA0533691: [Errno 2] could not open port /dev/cu.usbserial-58AA0533691: [Errno 2] No such file or directory: '/dev/cu.usbserial-58AA0533691'
2025-03-26 15:19:12 - ERROR - Error opening port /dev/cu.usbserial-58AA0533691: [Errno 2] could not open port /dev/cu.usbserial-58AA0533691: [Errno 2] No such file or directory: '/dev/cu.usbserial-58AA0533691'
2025-03-26 15:19:12 - ERROR - Error opening port /dev/cu.usbserial-58AA0533691: [Errno 2] could not open port /dev/cu.usbserial-58AA0533691: [Errno 2] No such file or directory: '/dev/cu.usbserial-58AA0533691'
2025-03-26 15:19:12 - ERROR - Error opening port /dev/cu.usbserial-58AA0533691: [Errno 2] could not open port /dev/cu.usbserial-58AA0533691: [Errno 2] No such file or directory: '/dev/cu.usbserial-58AA0533691'
2025-03-26 15:19:12 - ERROR - Error opening port /dev/cu.usbserial-58AA0533691: [Errno 2] could not open port /dev/cu.usbserial-58AA0533691: [Errno 2] No such file or directory: '/dev/cu.usbserial-58AA0533691'
2025-03-26 15:19:12 - ERROR - Error opening port /dev/cu.usbserial-58AA0533691: [Errno 2] could not open port /dev/cu.usbserial-58AA0533691: [Errno 2] No such file or directory: '/dev/cu.usbserial-58AA0533691'
2025-03-26 15:19:12 - ERROR - Error opening port /dev/cu.usbserial-58AA0533691: [Errno 2] could not open port /dev/cu.usbserial-58AA0533691: [Errno 2] No such file or directory: '/dev/cu.usbserial-58AA0533691'
2025-03-26 15:19:12 - ERROR - Error opening port /dev/cu.usbserial-58AA0533691: [Errno 2] could not open port /dev/cu.usbserial-58AA0533691: [Errno 2] No such file or directory: '/dev/cu.usbserial-58AA0533691'
2025-03-26 15:19:12 - ERROR - Error opening port /dev/cu.usbserial-58AA0533691: [Errno 2] could not open port /dev/cu.usbserial-58AA0533691: [Errno 2] No such file or directory: '/dev/cu.usbserial-58AA0533691'
2025-03-26 15:19:12 - ERROR - Error opening port /dev/cu.usbserial-58AA0533691: [Errno 2] could not open port /dev/cu.usbserial-58AA0533691: [Errno 2] No such file or directory: '/dev/cu.usbserial-58AA0533691'
2025-03-26 15:19:12 - ERROR - Error opening port /dev/cu.usbserial-58AA0533691: [Errno 2] could not open port /dev/cu.usbserial-58AA0533691: [Errno 2] No such file or directory: '/dev/cu.usbserial-58AA0533691'
2025-03-26 15:19:12 - ERROR - Error opening port /dev/cu.usbserial-58AA0533691: [Errno 2] could not open port /dev/cu.usbserial-58AA0533691: [Errno 2] No such file or directory: '/dev/cu.usbserial-58AA0533691'
2025-03-26 15:19:12 - ERROR - Error opening port /dev/cu.usbserial-58AA0533691: [Errno 2] could not open port /dev/cu.usbserial-58AA0533691: [Errno 2] No such file or directory: '/dev/cu.usbserial-58AA0533691'
2025-03-26 15:19:12 - ERROR - Error opening port /dev/cu.usbserial-58AA0533691: [Errno 2] could not open port /dev/cu.usbserial-58AA0533691: [Errno 2] No such file or directory: '/dev/cu.usbserial-58AA0533691'
2025-03-26 15:19:12 - ERROR - Error opening port /dev/cu.usbserial-58AA0533691: [Errno 2] could not open port /dev/cu.usbserial-58AA0533691: [Errno 2] No such file or directory: '/dev/cu.usbserial-58AA0533691'
2025-03-26 15:19:12 - ERROR - Error opening port /dev/cu.usbserial-58AA0533691: [Errno 2] could not open port /dev/cu.usbserial-58AA0533691: [Errno 2] No such file or directory: '/dev/cu.usbserial-58AA0533691'
2025-03-26 15:19:12 - ERROR - Error opening port /dev/cu.usbserial-58AA0533691: [Errno 2] could not open port /dev/cu.usbserial-58AA0533691: [Errno 2] No such file or directory: '/dev/cu.usbserial-58AA0533691'
2025-03-26 15:19:12 - ERROR - Error opening port /dev/cu.usbserial-58AA0533691: [Errno 2] could not open port /dev/cu.usbserial-58AA0533691: [Errno 2] No such file or directory: '/dev/cu.usbserial-58AA0533691'
2025-03-26 15:19:12 - ERROR - Error opening port /dev/cu.usbserial-58AA0533691: [Errno 2] could not open port /dev/cu.usbserial-58AA0533691: [Errno 2] No such file or directory: '/dev/cu.usbserial-58AA0533691'
2025-03-26 15:19:12 - ERROR - Error opening port /dev/cu.usbserial-58AA0533691: [Errno 2] could not open port /dev/cu.usbserial-58AA0533691: [Errno 2] No such file or directory: '/dev/cu.usbserial-58AA0533691'
2025-03-26 15:19:12 - ERROR - Error opening port /dev/cu.usbserial-58AA0533691: [Errno 2] could not open port /dev/cu.usbserial-58AA0533691: [Errno 2] No such file or directory: '/dev/cu.usbserial-58AA0533691'
2025-03-26 15:19:12 - ERROR - Error opening port /dev/cu.usbserial-58AA0533691: [Errno 2] could not open port /dev/cu.usbserial-58AA0533691: [Errno 2] No such file or directory: '/dev/cu.usbserial-58AA0533691'
2025-03-26 15:19:12 - ERROR - Error opening port /dev/cu.usbserial-58AA0533691: [Errno 2] could not open port /dev/cu.usbserial-58AA0533691: [Errno 2] No such file or directory: '/dev/cu.usbserial-58AA0533691'
2025-03-26 15:19:12 - ERROR - Error opening port /dev/cu.usbserial-58AA0533691: [Errno 2] could not open port /dev/cu.usbserial-58AA0533691: [Errno 2] No such file or directory: '/dev/cu.usbserial-58AA0533691'
2025-03-26 15:19:12 - ERROR - Error opening port /dev/cu.usbserial-58AA0533691: [Errno 2] could not open port /dev/cu.usbserial-58AA0533691: [Errno 2] No such file or directory: '/dev/cu.usbserial-58AA0533691'
2025-03-26 15:19:12 - ERROR - Error opening port /dev/cu.usbserial-58AA0533691: [Errno 2] could not open port /dev/cu.usbserial-58AA0533691: [Errno 2] No such file or directory: '/dev/cu.usbserial-58AA0533691'
2025-03-26 15:19:12 - ERROR - Error opening port /dev/cu.usbserial-58AA0533691: [Errno 2] could not open port /dev/cu.usbserial-58AA0533691: [Errno 2] No such file or directory: '/dev/cu.usbserial-58AA0533691'
2025-03-26 15:19:12 - ERROR - Error opening port /dev/cu.usbserial-58AA0533691: [Errno 2] could not open port /dev/cu.usbserial-58AA0533691: [Errno 2] No such file or directory: '/dev/cu.usbserial-58AA0533691'
2025-03-26 15:19:12 - ERROR - Error opening port /dev/cu.usbserial-58AA0533691: [Errno 2] could not open port /dev/cu.usbserial-58AA0533691: [Errno 2] No such file or directory: '/dev/cu.usbserial-58AA0533691'
2025-03-26 15:19:12 - ERROR - Error opening port /dev/cu.usbserial-58AA0533691: [Errno 2] could not open port /dev/cu.usbserial-58AA0533691: [Errno 2] No such file or directory: '/dev/cu.usbserial-58AA0533691'
2025-03-26 15:19:12 - ERROR - Error opening port /dev/cu.usbserial-58AA0533691: [Errno 2] could not open port /dev/cu.usbserial-58AA0533691: [Errno 2] No such file or directory: '/dev/cu.usbserial-58AA0533691'
2025-03-26 15:19:12 - ERROR - Error opening port /dev/cu.usbserial-58AA0533691: [Errno 2] could not open port /dev/cu.usbserial-58AA0533691: [Errno 2] No such file or directory: '/dev/cu.usbserial-58AA0533691'
2025-03-26 15:19:12 - ERROR - Error opening port /dev/cu.usbserial-58AA0533691: [Errno 2] could not open port /dev/cu.usbserial-58AA0533691: [Errno 2] No such file or directory: '/dev/cu.usbserial-58AA0533691'
2025-03-26 15:19:12 - ERROR - Error opening port /dev/cu.usbserial-58AA0533691: [Errno 2] could not open port /dev/cu.usbserial-58AA0533691: [Errno 2] No such file or directory: '/dev/cu.usbserial-58AA0533691'
2025-03-26 15:19:12 - ERROR - Error opening port /dev/cu.usbserial-58AA0533691: [Errno 2] could not open port /dev/cu.usbserial-58AA0533691: [Errno 2] No such file or directory: '/dev/cu.usbserial-58AA0533691'
2025-03-26 15:19:12 - ERROR - Error opening port /dev/cu.usbserial-58AA0533691: [Errno 2] could not open port /dev/cu.usbserial-58AA0533691: [Errno 2] No such file or directory: '/dev/cu.usbserial-58AA0533691'
2025-03-26 15:19:12 - ERROR - Error opening port /dev/cu.usbserial-58AA0533691: [Errno 2] could not open port /dev/cu.usbserial-58AA0533691: [Errno 2] No such file or directory: '/dev/cu.usbserial-58AA0533691'
2025-03-26 15:19:12 - ERROR - Error opening port /dev/cu.usbserial-58AA0533691: [Errno 2] could not open port /dev/cu.usbserial-58AA0533691: [Errno 2] No such file or directory: '/dev/cu.usbserial-58AA0533691'
2025-03-26 15:19:12 - ERROR - Error opening port /dev/cu.usbserial-58AA0533691: [Errno 2] could not open port /dev/cu.usbserial-58AA0533691: [Errno 2] No such file or directory: '/dev/cu.usbserial-58AA0533691'
2025-03-26 15:19:12 - ERROR - Error opening port /dev/cu.usbserial-58AA0533691: [Errno 2] could not open port /dev/cu.usbserial-58AA0533691: [Errno 2] No such file or directory: '/dev/cu.usbserial-58AA0533691'
2025-03-26 15:19:12 - ERROR - Error opening port /dev/cu.usbserial-58AA0533691: [Errno 2] could not open port /dev/cu.usbserial-58AA0533691: [Errno 2] No such file or directory: '/dev/cu.usbserial-58AA0533691'
2025-03-26 15:19:12 - ERROR - Error opening port /dev/cu.usbserial-58AA0533691: [Errno 2] could not open port /dev/cu.usbserial-58AA0533691: [Errno 2] No such file or directory: '/dev/cu.usbserial-58AA0533691'
2025-03-26 15:19:12 - ERROR - Error opening port /dev/cu.usbserial-58AA0533691: [Errno 2] could not open port /dev/cu.usbserial-58AA0533691: [Errno 2] No such file or directory: '/dev/cu.usbserial-58AA0533691'
2025-03-26 15:19:12 - ERROR - Error opening port /dev/cu.usbserial-58AA0533691: [Errno 2] could not open port /dev/cu.usbserial-58AA0533691: [Errno 2] No such file or directory: '/dev/cu.usbserial-58AA0533691'
2025-03-26 15:19:12 - ERROR - Error opening port /dev/cu.usbserial-58AA0533691: [Errno 2] could not open port /dev/cu.usbserial-58AA0533691: [Errno 2] No such file or directory: '/dev/cu.usbserial-58AA0533691'
2025-03-26 15:19:12 - ERROR - Error opening port /dev/cu.usbserial-58AA0533691: [Errno 2] could not open port /dev/cu.usbserial-58AA0533691: [Errno 2] No such file or directory: '/dev/cu.usbserial-58AA0533691'
2025-03-26 15:19:12 - ERROR - Error opening port /dev/cu.usbserial-58AA0533691: [Errno 2] could not open port /dev/cu.usbserial-58AA0533691: [Errno 2] No such file or directory: '/dev/cu.usbserial-58AA0533691'
2025-03-26 15:19:12 - ERROR - Error opening port /dev/cu.usbserial-58AA0533691: [Errno 2] could not open port /dev/cu.usbserial-58AA0533691: [Errno 2] No such file or directory: '/dev/cu.usbserial-58AA0533691'
2025-03-26 15:19:12 - ERROR - Error opening port /dev/cu.usbserial-58AA0533691: [Errno 2] could not open port /dev/cu.usbserial-58AA0533691: [Errno 2] No such file or directory: '/dev/cu.usbserial-58AA0533691'
2025-03-26 15:19:12 - ERROR - Error opening port /dev/cu.usbserial-58AA0533691: [Errno 2] could not open port /dev/cu.usbserial-58AA0533691: [Errno 2] No such file or directory: '/dev/cu.usbserial-58AA0533691'
2025-03-26 15:19:12 - ERROR - Error opening port /dev/cu.usbserial-58AA0533691: [Errno 2] could not open port /dev/cu.usbserial-58AA0533691: [Errno 2] No such file or directory: '/dev/cu.usbserial-58AA0533691'
2025-03-26 15:19:12 - ERROR - Error opening port /dev/cu.usbserial-58AA0533691: [Errno 2] could not open port /dev/cu.usbserial-58AA0533691: [Errno 2] No such file or directory: '/dev/cu.usbserial-58AA0533691'
2025-03-26 15:19:12 - ERROR - Error opening port /dev/cu.usbserial-58AA0533691: [Errno 2] could not open port /dev/cu.usbserial-58AA0533691: [Errno 2] No such file or directory: '/dev/cu.usbserial-58AA0533691'
2025-03-26 15:19:12 - ERROR - Error opening port /dev/cu.usbserial-58AA0533691: [Errno 2] could not open port /dev/cu.usbserial-58AA0533691: [Errno 2] No such file or directory: '/dev/cu.usbserial-58AA0533691'
2025-03-26 15:19:12 - ERROR - Error opening port /dev/cu.usbserial-58AA0533691: [Errno 2] could not open port /dev/cu.usbserial-58AA0533691: [Errno 2] No such file or directory: '/dev/cu.usbserial-58AA0533691'
2025-03-26 15:19:12 - ERROR - Error opening port /dev/cu.usbserial-58AA0533691: [Errno 2] could not open port /dev/cu.usbserial-58AA0533691: [Errno 2] No such file or directory: '/dev/cu.usbserial-58AA0533691'
2025-03-26 15:19:12 - ERROR - Error opening port /dev/cu.usbserial-58AA0533691: [Errno 2] could not open port /dev/cu.usbserial-58AA0533691: [Errno 2] No such file or directory: '/dev/cu.usbserial-58AA0533691'
2025-03-26 15:19:12 - ERROR - Error opening port /dev/cu.usbserial-58AA0533691: [Errno 2] could not open port /dev/cu.usbserial-58AA0533691: [Errno 2] No such file or directory: '/dev/cu.usbserial-58AA0533691'
2025-03-26 15:19:12 - ERROR - Error opening port /dev/cu.usbserial-58AA0533691: [Errno 2] could not open port /dev/cu.usbserial-58AA0533691: [Errno 2] No such file or directory: '/dev/cu.usbserial-58AA0533691'
2025-03-26 15:19:12 - ERROR - Error opening port /dev/cu.usbserial-58AA0533691: [Errno 2] could not open port /dev/cu.usbserial-58AA0533691: [Errno 2] No such file or directory: '/dev/cu.usbserial-58AA0533691'
2025-03-26 15:19:12 - ERROR - Error opening port /dev/cu.usbserial-58AA0533691: [Errno 2] could not open port /dev/cu.usbserial-58AA0533691: [Errno 2] No such file or directory: '/dev/cu.usbserial-58AA0533691'
2025-03-26 15:19:12 - ERROR - Error opening port /dev/cu.usbserial-58AA0533691: [Errno 2] could not open port /dev/cu.usbserial-58AA0533691: [Errno 2] No such file or directory: '/dev/cu.usbserial-58AA0533691'
2025-03-26 15:19:12 - ERROR - Error opening port /dev/cu.usbserial-58AA0533691: [Errno 2] could not open port /dev/cu.usbserial-58AA0533691: [Errno 2] No such file or directory: '/dev/cu.usbserial-58AA0533691'
2025-03-26 15:19:12 - ERROR - Error opening port /dev/cu.usbserial-58AA0533691: [Errno 2] could not open port /dev/cu.usbserial-58AA0533691: [Errno 2] No such file or directory: '/dev/cu.usbserial-58AA0533691'
2025-03-26 15:19:12 - ERROR - Error opening port /dev/cu.usbserial-58AA0533691: [Errno 2] could not open port /dev/cu.usbserial-58AA0533691: [Errno 2] No such file or directory: '/dev/cu.usbserial-58AA0533691'
2025-03-26 15:19:12 - ERROR - Error opening port /dev/cu.usbserial-58AA0533691: [Errno 2] could not open port /dev/cu.usbserial-58AA0533691: [Errno 2] No such file or directory: '/dev/cu.usbserial-58AA0533691'
2025-03-26 15:19:12 - ERROR - Error opening port /dev/cu.usbserial-58AA0533691: [Errno 2] could not open port /dev/cu.usbserial-58AA0533691: [Errno 2] No such file or directory: '/dev/cu.usbserial-58AA0533691'
2025-03-26 15:19:12 - ERROR - Error opening port /dev/cu.usbserial-58AA0533691: [Errno 2] could not open port /dev/cu.usbserial-58AA0533691: [Errno 2] No such file or directory: '/dev/cu.usbserial-58AA0533691'
2025-03-26 15:19:12 - ERROR - Error opening port /dev/cu.usbserial-58AA0533691: [Errno 2] could not open port /dev/cu.usbserial-58AA0533691: [Errno 2] No such file or directory: '/dev/cu.usbserial-58AA0533691'
2025-03-26 15:19:12 - ERROR - Error opening port /dev/cu.usbserial-58AA0533691: [Errno 2] could not open port /dev/cu.usbserial-58AA0533691: [Errno 2] No such file or directory: '/dev/cu.usbserial-58AA0533691'
2025-03-26 15:19:12 - ERROR - Error opening port /dev/cu.usbserial-58AA0533691: [Errno 2] could not open port /dev/cu.usbserial-58AA0533691: [Errno 2] No such file or directory: '/dev/cu.usbserial-58AA0533691'
2025-03-26 15:19:12 - ERROR - Error opening port /dev/cu.usbserial-58AA0533691: [Errno 2] could not open port /dev/cu.usbserial-58AA0533691: [Errno 2] No such file or directory: '/dev/cu.usbserial-58AA0533691'
2025-03-26 15:19:12 - ERROR - Error opening port /dev/cu.usbserial-58AA0533691: [Errno 2] could not open port /dev/cu.usbserial-58AA0533691: [Errno 2] No such file or directory: '/dev/cu.usbserial-58AA0533691'
2025-03-26 15:19:12 - ERROR - Error opening port /dev/cu.usbserial-58AA0533691: [Errno 2] could not open port /dev/cu.usbserial-58AA0533691: [Errno 2] No such file or directory: '/dev/cu.usbserial-58AA0533691'
2025-03-26 15:19:12 - ERROR - Error opening port /dev/cu.usbserial-58AA0533691: [Errno 2] could not open port /dev/cu.usbserial-58AA0533691: [Errno 2] No such file or directory: '/dev/cu.usbserial-58AA0533691'
2025-03-26 15:19:12 - ERROR - Error opening port /dev/cu.usbserial-58AA0533691: [Errno 2] could not open port /dev/cu.usbserial-58AA0533691: [Errno 2] No such file or directory: '/dev/cu.usbserial-58AA0533691'
2025-03-26 15:19:12 - ERROR - Error opening port /dev/cu.usbserial-58AA0533691: [Errno 2] could not open port /dev/cu.usbserial-58AA0533691: [Errno 2] No such file or directory: '/dev/cu.usbserial-58AA0533691'
2025-03-26 15:19:12 - ERROR - Error opening port /dev/cu.usbserial-58AA0533691: [Errno 2] could not open port /dev/cu.usbserial-58AA0533691: [Errno 2] No such file or directory: '/dev/cu.usbserial-58AA0533691'
2025-03-26 15:19:12 - ERROR - Error opening port /dev/cu.usbserial-58AA0533691: [Errno 2] could not open port /dev/cu.usbserial-58AA0533691: [Errno 2] No such file or directory: '/dev/cu.usbserial-58AA0533691'
2025-03-26 15:19:12 - ERROR - Error opening port /dev/cu.usbserial-58AA0533691: [Errno 2] could not open port /dev/cu.usbserial-58AA0533691: [Errno 2] No such file or directory: '/dev/cu.usbserial-58AA0533691'
2025-03-26 15:19:12 - ERROR - Error opening port /dev/cu.usbserial-58AA0533691: [Errno 2] could not open port /dev/cu.usbserial-58AA0533691: [Errno 2] No such file or directory: '/dev/cu.usbserial-58AA0533691'
2025-03-26 15:19:12 - ERROR - Error opening port /dev/cu.usbserial-58AA0533691: [Errno 2] could not open port /dev/cu.usbserial-58AA0533691: [Errno 2] No such file or directory: '/dev/cu.usbserial-58AA0533691'
2025-03-26 15:19:12 - ERROR - Error opening port /dev/cu.usbserial-58AA0533691: [Errno 2] could not open port /dev/cu.usbserial-58AA0533691: [Errno 2] No such file or directory: '/dev/cu.usbserial-58AA0533691'
2025-03-26 15:19:12 - ERROR - Error opening port /dev/cu.usbserial-58AA0533691: [Errno 2] could not open port /dev/cu.usbserial-58AA0533691: [Errno 2] No such file or directory: '/dev/cu.usbserial-58AA0533691'
2025-03-26 15:19:12 - ERROR - Error opening port /dev/cu.usbserial-58AA0533691: [Errno 2] could not open port /dev/cu.usbserial-58AA0533691: [Errno 2] No such file or directory: '/dev/cu.usbserial-58AA0533691'
2025-03-26 15:19:12 - ERROR - Error opening port /dev/cu.usbserial-58AA0533691: [Errno 2] could not open port /dev/cu.usbserial-58AA0533691: [Errno 2] No such file or directory: '/dev/cu.usbserial-58AA0533691'
2025-03-26 15:19:12 - ERROR - Error opening port /dev/cu.usbserial-58AA0533691: [Errno 2] could not open port /dev/cu.usbserial-58AA0533691: [Errno 2] No such file or directory: '/dev/cu.usbserial-58AA0533691'
2025-03-26 15:19:12 - ERROR - Error opening port /dev/cu.usbserial-58AA0533691: [Errno 2] could not open port /dev/cu.usbserial-58AA0533691: [Errno 2] No such file or directory: '/dev/cu.usbserial-58AA0533691'
2025-03-26 15:19:12 - ERROR - Error opening port /dev/cu.usbserial-58AA0533691: [Errno 2] could not open port /dev/cu.usbserial-58AA0533691: [Errno 2] No such file or directory: '/dev/cu.usbserial-58AA0533691'
2025-03-26 15:19:12 - ERROR - Error opening port /dev/cu.usbserial-58AA0533691: [Errno 2] could not open port /dev/cu.usbserial-58AA0533691: [Errno 2] No such file or directory: '/dev/cu.usbserial-58AA0533691'
2025-03-26 15:19:12 - ERROR - Error opening port /dev/cu.usbserial-58AA0533691: [Errno 2] could not open port /dev/cu.usbserial-58AA0533691: [Errno 2] No such file or directory: '/dev/cu.usbserial-58AA0533691'
2025-03-26 15:19:12 - ERROR - Error opening port /dev/cu.usbserial-58AA0533691: [Errno 2] could not open port /dev/cu.usbserial-58AA0533691: [Errno 2] No such file or directory: '/dev/cu.usbserial-58AA0533691'
2025-03-26 15:19:12 - ERROR - Error opening port /dev/cu.usbserial-58AA0533691: [Errno 2] could not open port /dev/cu.usbserial-58AA0533691: [Errno 2] No such file or directory: '/dev/cu.usbserial-58AA0533691'
2025-03-26 15:19:12 - ERROR - Error opening port /dev/cu.usbserial-58AA0533691: [Errno 2] could not open port /dev/cu.usbserial-58AA0533691: [Errno 2] No such file or directory: '/dev/cu.usbserial-58AA0533691'
2025-03-26 15:19:12 - ERROR - Error opening port /dev/cu.usbserial-58AA0533691: [Errno 2] could not open port /dev/cu.usbserial-58AA0533691: [Errno 2] No such file or directory: '/dev/cu.usbserial-58AA0533691'
2025-03-26 15:19:12 - ERROR - Error opening port /dev/cu.usbserial-58AA0533691: [Errno 2] could not open port /dev/cu.usbserial-58AA0533691: [Errno 2] No such file or directory: '/dev/cu.usbserial-58AA0533691'
2025-03-26 15:19:12 - ERROR - Error opening port /dev/cu.usbserial-58AA0533691: [Errno 2] could not open port /dev/cu.usbserial-58AA0533691: [Errno 2] No such file or directory: '/dev/cu.usbserial-58AA0533691'
2025-03-26 15:19:12 - ERROR - Error opening port /dev/cu.usbserial-58AA0533691: [Errno 2] could not open port /dev/cu.usbserial-58AA0533691: [Errno 2] No such file or directory: '/dev/cu.usbserial-58AA0533691'
2025-03-26 15:19:13 - ERROR - Error opening port /dev/cu.usbserial-58AA0533691: [Errno 2] could not open port /dev/cu.usbserial-58AA0533691: [Errno 2] No such file or directory: '/dev/cu.usbserial-58AA0533691'
2025-03-26 15:19:13 - ERROR - Error opening port /dev/cu.usbserial-58AA0533691: [Errno 2] could not open port /dev/cu.usbserial-58AA0533691: [Errno 2] No such file or directory: '/dev/cu.usbserial-58AA0533691'
2025-03-26 15:19:13 - ERROR - Error opening port /dev/cu.usbserial-58AA0533691: [Errno 2] could not open port /dev/cu.usbserial-58AA0533691: [Errno 2] No such file or directory: '/dev/cu.usbserial-58AA0533691'
2025-03-26 15:19:13 - ERROR - Error opening port /dev/cu.usbserial-58AA0533691: [Errno 2] could not open port /dev/cu.usbserial-58AA0533691: [Errno 2] No such file or directory: '/dev/cu.usbserial-58AA0533691'
2025-03-26 15:19:13 - ERROR - Error opening port /dev/cu.usbserial-58AA0533691: [Errno 2] could not open port /dev/cu.usbserial-58AA0533691: [Errno 2] No such file or directory: '/dev/cu.usbserial-58AA0533691'
2025-03-26 15:19:13 - ERROR - Error opening port /dev/cu.usbserial-58AA0533691: [Errno 2] could not open port /dev/cu.usbserial-58AA0533691: [Errno 2] No such file or directory: '/dev/cu.usbserial-58AA0533691'
2025-03-26 15:19:13 - ERROR - Error opening port /dev/cu.usbserial-58AA0533691: [Errno 2] could not open port /dev/cu.usbserial-58AA0533691: [Errno 2] No such file or directory: '/dev/cu.usbserial-58AA0533691'
2025-03-26 15:19:13 - ERROR - Error opening port /dev/cu.usbserial-58AA0533691: [Errno 2] could not open port /dev/cu.usbserial-58AA0533691: [Errno 2] No such file or directory: '/dev/cu.usbserial-58AA0533691'
2025-03-26 15:19:13 - ERROR - Error opening port /dev/cu.usbserial-58AA0533691: [Errno 2] could not open port /dev/cu.usbserial-58AA0533691: [Errno 2] No such file or directory: '/dev/cu.usbserial-58AA0533691'
2025-03-26 15:19:13 - ERROR - Error opening port /dev/cu.usbserial-58AA0533691: [Errno 2] could not open port /dev/cu.usbserial-58AA0533691: [Errno 2] No such file or directory: '/dev/cu.usbserial-58AA0533691'
2025-03-26 15:19:13 - ERROR - Error opening port /dev/cu.usbserial-58AA0533691: [Errno 2] could not open port /dev/cu.usbserial-58AA0533691: [Errno 2] No such file or directory: '/dev/cu.usbserial-58AA0533691'
2025-03-26 15:19:13 - ERROR - Error opening port /dev/cu.usbserial-58AA0533691: [Errno 2] could not open port /dev/cu.usbserial-58AA0533691: [Errno 2] No such file or directory: '/dev/cu.usbserial-58AA0533691'
2025-03-26 15:19:13 - ERROR - Error opening port /dev/cu.usbserial-58AA0533691: [Errno 2] could not open port /dev/cu.usbserial-58AA0533691: [Errno 2] No such file or directory: '/dev/cu.usbserial-58AA0533691'
2025-03-26 15:19:13 - ERROR - Error opening port /dev/cu.usbserial-58AA0533691: [Errno 2] could not open port /dev/cu.usbserial-58AA0533691: [Errno 2] No such file or directory: '/dev/cu.usbserial-58AA0533691'
2025-03-26 15:19:13 - ERROR - Error opening port /dev/cu.usbserial-58AA0533691: [Errno 2] could not open port /dev/cu.usbserial-58AA0533691: [Errno 2] No such file or directory: '/dev/cu.usbserial-58AA0533691'
2025-03-26 15:19:13 - ERROR - Error opening port /dev/cu.usbserial-58AA0533691: [Errno 2] could not open port /dev/cu.usbserial-58AA0533691: [Errno 2] No such file or directory: '/dev/cu.usbserial-58AA0533691'
2025-03-26 15:19:13 - ERROR - Error opening port /dev/cu.usbserial-58AA0533691: [Errno 2] could not open port /dev/cu.usbserial-58AA0533691: [Errno 2] No such file or directory: '/dev/cu.usbserial-58AA0533691'
2025-03-26 15:19:13 - ERROR - Error opening port /dev/cu.usbserial-58AA0533691: [Errno 2] could not open port /dev/cu.usbserial-58AA0533691: [Errno 2] No such file or directory: '/dev/cu.usbserial-58AA0533691'
2025-03-26 15:19:13 - ERROR - Error opening port /dev/cu.usbserial-58AA0533691: [Errno 2] could not open port /dev/cu.usbserial-58AA0533691: [Errno 2] No such file or directory: '/dev/cu.usbserial-58AA0533691'
2025-03-26 15:19:13 - ERROR - Error opening port /dev/cu.usbserial-58AA0533691: [Errno 2] could not open port /dev/cu.usbserial-58AA0533691: [Errno 2] No such file or directory: '/dev/cu.usbserial-58AA0533691'
2025-03-26 15:19:13 - ERROR - Error opening port /dev/cu.usbserial-58AA0533691: [Errno 2] could not open port /dev/cu.usbserial-58AA0533691: [Errno 2] No such file or directory: '/dev/cu.usbserial-58AA0533691'
2025-03-26 15:19:13 - ERROR - Error opening port /dev/cu.usbserial-58AA0533691: [Errno 2] could not open port /dev/cu.usbserial-58AA0533691: [Errno 2] No such file or directory: '/dev/cu.usbserial-58AA0533691'
2025-03-26 15:19:13 - ERROR - Error opening port /dev/cu.usbserial-58AA0533691: [Errno 2] could not open port /dev/cu.usbserial-58AA0533691: [Errno 2] No such file or directory: '/dev/cu.usbserial-58AA0533691'
2025-03-26 15:19:13 - ERROR - Error opening port /dev/cu.usbserial-58AA0533691: [Errno 2] could not open port /dev/cu.usbserial-58AA0533691: [Errno 2] No such file or directory: '/dev/cu.usbserial-58AA0533691'
2025-03-26 15:19:13 - ERROR - Error opening port /dev/cu.usbserial-58AA0533691: [Errno 2] could not open port /dev/cu.usbserial-58AA0533691: [Errno 2] No such file or directory: '/dev/cu.usbserial-58AA0533691'
2025-03-26 15:19:13 - ERROR - Error opening port /dev/cu.usbserial-58AA0533691: [Errno 2] could not open port /dev/cu.usbserial-58AA0533691: [Errno 2] No such file or directory: '/dev/cu.usbserial-58AA0533691'
2025-03-26 15:19:13 - ERROR - Error opening port /dev/cu.usbserial-58AA0533691: [Errno 2] could not open port /dev/cu.usbserial-58AA0533691: [Errno 2] No such file or directory: '/dev/cu.usbserial-58AA0533691'
2025-03-26 15:19:13 - ERROR - Error opening port /dev/cu.usbserial-58AA0533691: [Errno 2] could not open port /dev/cu.usbserial-58AA0533691: [Errno 2] No such file or directory: '/dev/cu.usbserial-58AA0533691'
2025-03-26 15:19:13 - ERROR - Error opening port /dev/cu.usbserial-58AA0533691: [Errno 2] could not open port /dev/cu.usbserial-58AA0533691: [Errno 2] No such file or directory: '/dev/cu.usbserial-58AA0533691'
2025-03-26 15:19:13 - ERROR - Error opening port /dev/cu.usbserial-58AA0533691: [Errno 2] could not open port /dev/cu.usbserial-58AA0533691: [Errno 2] No such file or directory: '/dev/cu.usbserial-58AA0533691'
2025-03-26 15:19:13 - ERROR - Error opening port /dev/cu.usbserial-58AA0533691: [Errno 2] could not open port /dev/cu.usbserial-58AA0533691: [Errno 2] No such file or directory: '/dev/cu.usbserial-58AA0533691'
2025-03-26 15:19:13 - ERROR - Error opening port /dev/cu.usbserial-58AA0533691: [Errno 2] could not open port /dev/cu.usbserial-58AA0533691: [Errno 2] No such file or directory: '/dev/cu.usbserial-58AA0533691'
2025-03-26 15:19:13 - ERROR - Error opening port /dev/cu.usbserial-58AA0533691: [Errno 2] could not open port /dev/cu.usbserial-58AA0533691: [Errno 2] No such file or directory: '/dev/cu.usbserial-58AA0533691'
2025-03-26 15:19:13 - ERROR - Error opening port /dev/cu.usbserial-58AA0533691: [Errno 2] could not open port /dev/cu.usbserial-58AA0533691: [Errno 2] No such file or directory: '/dev/cu.usbserial-58AA0533691'
2025-03-26 15:19:13 - ERROR - Error opening port /dev/cu.usbserial-58AA0533691: [Errno 2] could not open port /dev/cu.usbserial-58AA0533691: [Errno 2] No such file or directory: '/dev/cu.usbserial-58AA0533691'
2025-03-26 15:19:13 - ERROR - Error opening port /dev/cu.usbserial-58AA0533691: [Errno 2] could not open port /dev/cu.usbserial-58AA0533691: [Errno 2] No such file or directory: '/dev/cu.usbserial-58AA0533691'
2025-03-26 15:19:13 - ERROR - Error opening port /dev/cu.usbserial-58AA0533691: [Errno 2] could not open port /dev/cu.usbserial-58AA0533691: [Errno 2] No such file or directory: '/dev/cu.usbserial-58AA0533691'
2025-03-26 15:19:13 - ERROR - Error opening port /dev/cu.usbserial-58AA0533691: [Errno 2] could not open port /dev/cu.usbserial-58AA0533691: [Errno 2] No such file or directory: '/dev/cu.usbserial-58AA0533691'
2025-03-26 15:19:13 - ERROR - Error opening port /dev/cu.usbserial-58AA0533691: [Errno 2] could not open port /dev/cu.usbserial-58AA0533691: [Errno 2] No such file or directory: '/dev/cu.usbserial-58AA0533691'
2025-03-26 15:19:13 - ERROR - Error opening port /dev/cu.usbserial-58AA0533691: [Errno 2] could not open port /dev/cu.usbserial-58AA0533691: [Errno 2] No such file or directory: '/dev/cu.usbserial-58AA0533691'
2025-03-26 15:19:13 - ERROR - Error opening port /dev/cu.usbserial-58AA0533691: [Errno 2] could not open port /dev/cu.usbserial-58AA0533691: [Errno 2] No such file or directory: '/dev/cu.usbserial-58AA0533691'
2025-03-26 15:19:13 - ERROR - Error opening port /dev/cu.usbserial-58AA0533691: [Errno 2] could not open port /dev/cu.usbserial-58AA0533691: [Errno 2] No such file or directory: '/dev/cu.usbserial-58AA0533691'
2025-03-26 15:19:13 - ERROR - Error opening port /dev/cu.usbserial-58AA0533691: [Errno 2] could not open port /dev/cu.usbserial-58AA0533691: [Errno 2] No such file or directory: '/dev/cu.usbserial-58AA0533691'
2025-03-26 15:19:13 - ERROR - Error opening port /dev/cu.usbserial-58AA0533691: [Errno 2] could not open port /dev/cu.usbserial-58AA0533691: [Errno 2] No such file or directory: '/dev/cu.usbserial-58AA0533691'
2025-03-26 15:19:13 - ERROR - Error opening port /dev/cu.usbserial-58AA0533691: [Errno 2] could not open port /dev/cu.usbserial-58AA0533691: [Errno 2] No such file or directory: '/dev/cu.usbserial-58AA0533691'
2025-03-26 15:19:13 - ERROR - Error opening port /dev/cu.usbserial-58AA0533691: [Errno 2] could not open port /dev/cu.usbserial-58AA0533691: [Errno 2] No such file or directory: '/dev/cu.usbserial-58AA0533691'
2025-03-26 15:19:13 - ERROR - Error opening port /dev/cu.usbserial-58AA0533691: [Errno 2] could not open port /dev/cu.usbserial-58AA0533691: [Errno 2] No such file or directory: '/dev/cu.usbserial-58AA0533691'
2025-03-26 15:19:13 - ERROR - Error opening port /dev/cu.usbserial-58AA0533691: [Errno 2] could not open port /dev/cu.usbserial-58AA0533691: [Errno 2] No such file or directory: '/dev/cu.usbserial-58AA0533691'
2025-03-26 15:19:13 - ERROR - Error opening port /dev/cu.usbserial-58AA0533691: [Errno 2] could not open port /dev/cu.usbserial-58AA0533691: [Errno 2] No such file or directory: '/dev/cu.usbserial-58AA0533691'
2025-03-26 15:19:13 - ERROR - Error opening port /dev/cu.usbserial-58AA0533691: [Errno 2] could not open port /dev/cu.usbserial-58AA0533691: [Errno 2] No such file or directory: '/dev/cu.usbserial-58AA0533691'
2025-03-26 15:19:13 - ERROR - Error opening port /dev/cu.usbserial-58AA0533691: [Errno 2] could not open port /dev/cu.usbserial-58AA0533691: [Errno 2] No such file or directory: '/dev/cu.usbserial-58AA0533691'
2025-03-26 15:19:13 - ERROR - Error opening port /dev/cu.usbserial-58AA0533691: [Errno 2] could not open port /dev/cu.usbserial-58AA0533691: [Errno 2] No such file or directory: '/dev/cu.usbserial-58AA0533691'
2025-03-26 15:19:13 - ERROR - Error opening port /dev/cu.usbserial-58AA0533691: [Errno 2] could not open port /dev/cu.usbserial-58AA0533691: [Errno 2] No such file or directory: '/dev/cu.usbserial-58AA0533691'
2025-03-26 15:19:13 - ERROR - Error opening port /dev/cu.usbserial-58AA0533691: [Errno 2] could not open port /dev/cu.usbserial-58AA0533691: [Errno 2] No such file or directory: '/dev/cu.usbserial-58AA0533691'
2025-03-26 15:19:13 - ERROR - Error opening port /dev/cu.usbserial-58AA0533691: [Errno 2] could not open port /dev/cu.usbserial-58AA0533691: [Errno 2] No such file or directory: '/dev/cu.usbserial-58AA0533691'
2025-03-26 15:19:13 - ERROR - Error opening port /dev/cu.usbserial-58AA0533691: [Errno 2] could not open port /dev/cu.usbserial-58AA0533691: [Errno 2] No such file or directory: '/dev/cu.usbserial-58AA0533691'
2025-03-26 15:19:13 - ERROR - Error opening port /dev/cu.usbserial-58AA0533691: [Errno 2] could not open port /dev/cu.usbserial-58AA0533691: [Errno 2] No such file or directory: '/dev/cu.usbserial-58AA0533691'
2025-03-26 15:19:13 - ERROR - Error opening port /dev/cu.usbserial-58AA0533691: [Errno 2] could not open port /dev/cu.usbserial-58AA0533691: [Errno 2] No such file or directory: '/dev/cu.usbserial-58AA0533691'
2025-03-26 15:19:13 - ERROR - Error opening port /dev/cu.usbserial-58AA0533691: [Errno 2] could not open port /dev/cu.usbserial-58AA0533691: [Errno 2] No such file or directory: '/dev/cu.usbserial-58AA0533691'
2025-03-26 15:19:13 - ERROR - Error opening port /dev/cu.usbserial-58AA0533691: [Errno 2] could not open port /dev/cu.usbserial-58AA0533691: [Errno 2] No such file or directory: '/dev/cu.usbserial-58AA0533691'
2025-03-26 15:19:13 - ERROR - Error opening port /dev/cu.usbserial-58AA0533691: [Errno 2] could not open port /dev/cu.usbserial-58AA0533691: [Errno 2] No such file or directory: '/dev/cu.usbserial-58AA0533691'
2025-03-26 15:19:13 - ERROR - Error opening port /dev/cu.usbserial-58AA0533691: [Errno 2] could not open port /dev/cu.usbserial-58AA0533691: [Errno 2] No such file or directory: '/dev/cu.usbserial-58AA0533691'
2025-03-26 15:19:13 - ERROR - Error opening port /dev/cu.usbserial-58AA0533691: [Errno 2] could not open port /dev/cu.usbserial-58AA0533691: [Errno 2] No such file or directory: '/dev/cu.usbserial-58AA0533691'
2025-03-26 15:19:13 - ERROR - Error opening port /dev/cu.usbserial-58AA0533691: [Errno 2] could not open port /dev/cu.usbserial-58AA0533691: [Errno 2] No such file or directory: '/dev/cu.usbserial-58AA0533691'
2025-03-26 15:19:13 - ERROR - Error opening port /dev/cu.usbserial-58AA0533691: [Errno 2] could not open port /dev/cu.usbserial-58AA0533691: [Errno 2] No such file or directory: '/dev/cu.usbserial-58AA0533691'
2025-03-26 15:19:13 - ERROR - Error opening port /dev/cu.usbserial-58AA0533691: [Errno 2] could not open port /dev/cu.usbserial-58AA0533691: [Errno 2] No such file or directory: '/dev/cu.usbserial-58AA0533691'
2025-03-26 15:19:13 - ERROR - Error opening port /dev/cu.usbserial-58AA0533691: [Errno 2] could not open port /dev/cu.usbserial-58AA0533691: [Errno 2] No such file or directory: '/dev/cu.usbserial-58AA0533691'
2025-03-26 15:19:13 - ERROR - Error opening port /dev/cu.usbserial-58AA0533691: [Errno 2] could not open port /dev/cu.usbserial-58AA0533691: [Errno 2] No such file or directory: '/dev/cu.usbserial-58AA0533691'
2025-03-26 15:19:13 - ERROR - Error opening port /dev/cu.usbserial-58AA0533691: [Errno 2] could not open port /dev/cu.usbserial-58AA0533691: [Errno 2] No such file or directory: '/dev/cu.usbserial-58AA0533691'
2025-03-26 15:19:13 - ERROR - Error opening port /dev/cu.usbserial-58AA0533691: [Errno 2] could not open port /dev/cu.usbserial-58AA0533691: [Errno 2] No such file or directory: '/dev/cu.usbserial-58AA0533691'
2025-03-26 15:19:13 - ERROR - Error opening port /dev/cu.usbserial-58AA0533691: [Errno 2] could not open port /dev/cu.usbserial-58AA0533691: [Errno 2] No such file or directory: '/dev/cu.usbserial-58AA0533691'
2025-03-26 15:19:13 - ERROR - Error opening port /dev/cu.usbserial-58AA0533691: [Errno 2] could not open port /dev/cu.usbserial-58AA0533691: [Errno 2] No such file or directory: '/dev/cu.usbserial-58AA0533691'
2025-03-26 15:19:13 - ERROR - Error opening port /dev/cu.usbserial-58AA0533691: [Errno 2] could not open port /dev/cu.usbserial-58AA0533691: [Errno 2] No such file or directory: '/dev/cu.usbserial-58AA0533691'
2025-03-26 15:19:13 - ERROR - Error opening port /dev/cu.usbserial-58AA0533691: [Errno 2] could not open port /dev/cu.usbserial-58AA0533691: [Errno 2] No such file or directory: '/dev/cu.usbserial-58AA0533691'
2025-03-26 15:19:13 - ERROR - Error opening port /dev/cu.usbserial-58AA0533691: [Errno 2] could not open port /dev/cu.usbserial-58AA0533691: [Errno 2] No such file or directory: '/dev/cu.usbserial-58AA0533691'
2025-03-26 15:19:13 - ERROR - Error opening port /dev/cu.usbserial-58AA0533691: [Errno 2] could not open port /dev/cu.usbserial-58AA0533691: [Errno 2] No such file or directory: '/dev/cu.usbserial-58AA0533691'
2025-03-26 15:19:13 - ERROR - Error opening port /dev/cu.usbserial-58AA0533691: [Errno 2] could not open port /dev/cu.usbserial-58AA0533691: [Errno 2] No such file or directory: '/dev/cu.usbserial-58AA0533691'
2025-03-26 15:19:13 - ERROR - Error opening port /dev/cu.usbserial-58AA0533691: [Errno 2] could not open port /dev/cu.usbserial-58AA0533691: [Errno 2] No such file or directory: '/dev/cu.usbserial-58AA0533691'
2025-03-26 15:19:13 - ERROR - Error opening port /dev/cu.usbserial-58AA0533691: [Errno 2] could not open port /dev/cu.usbserial-58AA0533691: [Errno 2] No such file or directory: '/dev/cu.usbserial-58AA0533691'
2025-03-26 15:19:13 - ERROR - Error opening port /dev/cu.usbserial-58AA0533691: [Errno 2] could not open port /dev/cu.usbserial-58AA0533691: [Errno 2] No such file or directory: '/dev/cu.usbserial-58AA0533691'
2025-03-26 15:19:13 - ERROR - Error opening port /dev/cu.usbserial-58AA0533691: [Errno 2] could not open port /dev/cu.usbserial-58AA0533691: [Errno 2] No such file or directory: '/dev/cu.usbserial-58AA0533691'
2025-03-26 15:19:13 - ERROR - Error opening port /dev/cu.usbserial-58AA0533691: [Errno 2] could not open port /dev/cu.usbserial-58AA0533691: [Errno 2] No such file or directory: '/dev/cu.usbserial-58AA0533691'
2025-03-26 15:19:13 - ERROR - Error opening port /dev/cu.usbserial-58AA0533691: [Errno 2] could not open port /dev/cu.usbserial-58AA0533691: [Errno 2] No such file or directory: '/dev/cu.usbserial-58AA0533691'
2025-03-26 15:19:13 - ERROR - Error opening port /dev/cu.usbserial-58AA0533691: [Errno 2] could not open port /dev/cu.usbserial-58AA0533691: [Errno 2] No such file or directory: '/dev/cu.usbserial-58AA0533691'
2025-03-26 15:19:13 - ERROR - Error opening port /dev/cu.usbserial-58AA0533691: [Errno 2] could not open port /dev/cu.usbserial-58AA0533691: [Errno 2] No such file or directory: '/dev/cu.usbserial-58AA0533691'
2025-03-26 15:19:13 - ERROR - Error opening port /dev/cu.usbserial-58AA0533691: [Errno 2] could not open port /dev/cu.usbserial-58AA0533691: [Errno 2] No such file or directory: '/dev/cu.usbserial-58AA0533691'
2025-03-26 15:19:13 - ERROR - Error opening port /dev/cu.usbserial-58AA0533691: [Errno 2] could not open port /dev/cu.usbserial-58AA0533691: [Errno 2] No such file or directory: '/dev/cu.usbserial-58AA0533691'
2025-03-26 15:19:13 - ERROR - Error opening port /dev/cu.usbserial-58AA0533691: [Errno 2] could not open port /dev/cu.usbserial-58AA0533691: [Errno 2] No such file or directory: '/dev/cu.usbserial-58AA0533691'
2025-03-26 15:19:13 - ERROR - Error opening port /dev/cu.usbserial-58AA0533691: [Errno 2] could not open port /dev/cu.usbserial-58AA0533691: [Errno 2] No such file or directory: '/dev/cu.usbserial-58AA0533691'
2025-03-26 15:19:13 - ERROR - Error opening port /dev/cu.usbserial-58AA0533691: [Errno 2] could not open port /dev/cu.usbserial-58AA0533691: [Errno 2] No such file or directory: '/dev/cu.usbserial-58AA0533691'
2025-03-26 15:19:13 - ERROR - Error opening port /dev/cu.usbserial-58AA0533691: [Errno 2] could not open port /dev/cu.usbserial-58AA0533691: [Errno 2] No such file or directory: '/dev/cu.usbserial-58AA0533691'
2025-03-26 15:19:13 - ERROR - Error opening port /dev/cu.usbserial-58AA0533691: [Errno 2] could not open port /dev/cu.usbserial-58AA0533691: [Errno 2] No such file or directory: '/dev/cu.usbserial-58AA0533691'
2025-03-26 15:19:13 - ERROR - Error opening port /dev/cu.usbserial-58AA0533691: [Errno 2] could not open port /dev/cu.usbserial-58AA0533691: [Errno 2] No such file or directory: '/dev/cu.usbserial-58AA0533691'
2025-03-26 15:19:13 - ERROR - Error opening port /dev/cu.usbserial-58AA0533691: [Errno 2] could not open port /dev/cu.usbserial-58AA0533691: [Errno 2] No such file or directory: '/dev/cu.usbserial-58AA0533691'
2025-03-26 15:19:13 - ERROR - Error opening port /dev/cu.usbserial-58AA0533691: [Errno 2] could not open port /dev/cu.usbserial-58AA0533691: [Errno 2] No such file or directory: '/dev/cu.usbserial-58AA0533691'
2025-03-26 15:19:13 - ERROR - Error opening port /dev/cu.usbserial-58AA0533691: [Errno 2] could not open port /dev/cu.usbserial-58AA0533691: [Errno 2] No such file or directory: '/dev/cu.usbserial-58AA0533691'
2025-03-26 15:19:13 - ERROR - Error opening port /dev/cu.usbserial-58AA0533691: [Errno 2] could not open port /dev/cu.usbserial-58AA0533691: [Errno 2] No such file or directory: '/dev/cu.usbserial-58AA0533691'
2025-03-26 15:19:13 - ERROR - Error opening port /dev/cu.usbserial-58AA0533691: [Errno 2] could not open port /dev/cu.usbserial-58AA0533691: [Errno 2] No such file or directory: '/dev/cu.usbserial-58AA0533691'
2025-03-26 15:19:13 - ERROR - Error opening port /dev/cu.usbserial-58AA0533691: [Errno 2] could not open port /dev/cu.usbserial-58AA0533691: [Errno 2] No such file or directory: '/dev/cu.usbserial-58AA0533691'
2025-03-26 15:19:13 - ERROR - Error opening port /dev/cu.usbserial-58AA0533691: [Errno 2] could not open port /dev/cu.usbserial-58AA0533691: [Errno 2] No such file or directory: '/dev/cu.usbserial-58AA0533691'
2025-03-26 15:19:14 - ERROR - Error opening port /dev/cu.usbserial-58AA0533691: [Errno 2] could not open port /dev/cu.usbserial-58AA0533691: [Errno 2] No such file or directory: '/dev/cu.usbserial-58AA0533691'
2025-03-26 15:19:14 - INFO - Connected to /dev/cu.usbserial-58AA0533691 at 115200 baud
2025-03-26 15:19:14 - INFO - COM Ports updated
2025-03-26 15:19:20 - INFO - Stopping data acquisition...
2025-03-26 15:19:21 - INFO - Starting data acquisition...
2025-03-26 15:19:34 - INFO - Stopping data acquisition...
